Build started 3/29/2016 11:34:39 PM.
     1>Project "C:\Users\Jess\Desktop\2nd SEM - WINTER 2016\OOP244 - Object Oriented Programming\Workshop8-v2\CD\at_home\at_home.vcxproj" on node 2 (Rebuild target(s)).
     1>ClCompile:
         C:\Program Files (x86)\Microsoft Visual Studio 12.0\VC\bin\CL.exe /c /ZI /nologo /W3 /WX- /Od /Oy- /D WIN32 /D _DEBUG /D _CONSOLE /D _LIB /D _UNICODE /D UNICODE /Gm /EHsc /RTC1 /MDd /GS /fp:precise /Zc:wchar_t /Zc:forScope /Fo"Debug\\" /Fd"Debug\vc120.pdb" /Gd /TP /analyze- /errorReport:prompt String.cpp w8_at_home.cpp
         w8_at_home.cpp
         String.cpp
     1>c:\users\jess\desktop\2nd sem - winter 2016\oop244 - object oriented programming\workshop8-v2\cd\at_home\string.cpp(40): warning C4996: 'strcpy': This function or variable may be unsafe. Consider using strcpy_s instead. To disable deprecation, use _CRT_SECURE_NO_WARNINGS. See online help for details.
                 c:\program files (x86)\microsoft visual studio 12.0\vc\include\string.h(112) : see declaration of 'strcpy'
     1>c:\users\jess\desktop\2nd sem - winter 2016\oop244 - object oriented programming\workshop8-v2\cd\at_home\string.cpp(57): warning C4996: 'strcpy': This function or variable may be unsafe. Consider using strcpy_s instead. To disable deprecation, use _CRT_SECURE_NO_WARNINGS. See online help for details.
                 c:\program files (x86)\microsoft visual studio 12.0\vc\include\string.h(112) : see declaration of 'strcpy'
     1>c:\users\jess\desktop\2nd sem - winter 2016\oop244 - object oriented programming\workshop8-v2\cd\at_home\string.cpp(111): warning C4996: 'strcat': This function or variable may be unsafe. Consider using strcat_s instead. To disable deprecation, use _CRT_SECURE_NO_WARNINGS. See online help for details.
                 c:\program files (x86)\microsoft visual studio 12.0\vc\include\string.h(118) : see declaration of 'strcat'
     1>c:\users\jess\desktop\2nd sem - winter 2016\oop244 - object oriented programming\workshop8-v2\cd\at_home\string.cpp(129): warning C4996: 'strcat': This function or variable may be unsafe. Consider using strcat_s instead. To disable deprecation, use _CRT_SECURE_NO_WARNINGS. See online help for details.
                 c:\program files (x86)\microsoft visual studio 12.0\vc\include\string.h(118) : see declaration of 'strcat'
         Generating Code...
       Link:
         C:\Program Files (x86)\Microsoft Visual Studio 12.0\VC\bin\link.exe /ERRORREPORT:PROMPT /OUT:"C:\Users\Jess\Desktop\2nd SEM - WINTER 2016\OOP244 - Object Oriented Programming\Workshop8-v2\CD\at_home\Debug\at_home.exe" /INCREMENTAL /NOLOGO kernel32.lib user32.lib gdi32.lib winspool.lib comdlg32.lib advapi32.lib shell32.lib ole32.lib oleaut32.lib uuid.lib odbc32.lib odbccp32.lib /MANIFEST /MANIFESTUAC:"level='asInvoker' uiAccess='false'" /manifest:embed /DEBUG /PDB:"C:\Users\Jess\Desktop\2nd SEM - WINTER 2016\OOP244 - Object Oriented Programming\Workshop8-v2\CD\at_home\Debug\at_home.pdb" /SUBSYSTEM:CONSOLE /TLBID:1 /DYNAMICBASE /NXCOMPAT /IMPLIB:"C:\Users\Jess\Desktop\2nd SEM - WINTER 2016\OOP244 - Object Oriented Programming\Workshop8-v2\CD\at_home\Debug\at_home.lib" /MACHINE:X86 Debug\String.obj
         Debug\w8_at_home.obj
     1>w8_at_home.obj : error LNK2019: unresolved external symbol "class std::basic_ostream<char,struct std::char_traits<char> > & __cdecl sict::operator<<(class std::basic_ostream<char,struct std::char_traits<char> > &,class sict::String const &)" (??6sict@@YAAAV?$basic_ostream@DU?$char_traits@D@std@@@std@@AAV12@ABVString@0@@Z) referenced in function "class std::basic_ostream<char,struct std::char_traits<char> > & __cdecl operator~(class sict::String &)" (??S@YAAAV?$basic_ostream@DU?$char_traits@D@std@@@std@@AAVString@sict@@@Z)
     1>C:\Users\Jess\Desktop\2nd SEM - WINTER 2016\OOP244 - Object Oriented Programming\Workshop8-v2\CD\at_home\Debug\at_home.exe : fatal error LNK1120: 1 unresolved externals
     1>Done Building Project "C:\Users\Jess\Desktop\2nd SEM - WINTER 2016\OOP244 - Object Oriented Programming\Workshop8-v2\CD\at_home\at_home.vcxproj" (Rebuild target(s)) -- FAILED.

Build FAILED.

Time Elapsed 00:00:01.23
